<?xml version="1.0" encoding="UTF-8"?>
<testsuite xmlns:xsi="http://www.w3.org/2001/XMLSchema-instance" xsi:noNamespaceSchemaLocation="https://maven.apache.org/surefire/maven-surefire-plugin/xsd/surefire-test-report.xsd" version="3.0.2" name="com.lifemiles.passkey.PasskeyApplicationAotTests" time="44.888" tests="1" errors="0" skipped="0" failures="0" flakes="0">
  <properties>
[...]
</properties>
  <testcase name="contextLoads" classname="com.lifemiles.passkey.PasskeyApplicationAotTests" time="14.914">
    <system-out><![CDATA[16:19:03.696 [main] INFO org.springframework.test.context.support.AnnotationConfigContextLoaderUtils -- Could not detect default configuration classes for test class [com.lifemiles.passkey.PasskeyApplicationAotTests]: PasskeyApplicationAotTests does not declare any static, non-private, non-final, nested classes annotated with @Configuration.
16:19:04.828 [main] INFO org.springframework.boot.test.context.SpringBootTestContextBootstrapper -- Found @SpringBootConfiguration com.lifemiles.passkey.PasskeyApplication for test class com.lifemiles.passkey.PasskeyApplicationAotTests
16:19:05.960 [main] INFO org.springframework.test.context.support.AnnotationConfigContextLoaderUtils -- Could not detect default configuration classes for test class [com.lifemiles.passkey.PasskeyApplicationAotTests]: PasskeyApplicationAotTests does not declare any static, non-private, non-final, nested classes annotated with @Configuration.
16:19:05.969 [main] INFO org.springframework.boot.test.context.SpringBootTestContextBootstrapper -- Found @SpringBootConfiguration com.lifemiles.passkey.PasskeyApplication for test class com.lifemiles.passkey.PasskeyApplicationAotTests

  .   ____          _            __ _ _
 /\\ / ___'_ __ _ _(_)_ __  __ _ \ \ \ \
( ( )\___ | '_ | '_| | '_ \/ _` | \ \ \ \
 \\/  ___)| |_)| | | | | || (_| |  ) ) ) )
  '  |____| .__|_| |_|_| |_\__, | / / / /
 =========|_|==============|___/=/_/_/_/

 :: Spring Boot ::                (v4.0.8)

2026-08-25 16:19:11 [main] INFO  c.l.p.PasskeyApplicationAotTests - Starting PasskeyApplicationAotTests using Java 25.0.4 with PID 441559 (started by fjmolina in /mnt/c/Users/fjmolina/OneDrive - Aerovias del Continente Americano S.A. AVIANCA/Documents/Work/Workshop)
2026-08-25 16:19:11 [main] INFO  c.l.p.PasskeyApplicationAotTests - No active profile set, falling back to 1 default profile: "default"
2026-08-25 16:19:30 [main] INFO  c.l.p.PasskeyApplicationAotTests - Started PasskeyApplicationAotTests in 23.262 seconds (process running for 38.796)
]]></system-out>
    <system-err><![CDATA[Mockito is currently self-attaching to enable the inline-mock-maker. This will no longer work in future releases of the JDK. Please add Mockito as an agent to your build as described in Mockito's documentation: https://javadoc.io/doc/org.mockito/mockito-core/latest/org.mockito/org/mockito/Mockito.html#0.3
WARNING: A Java agent has been loaded dynamically (/home/fjmolina/.m2/repository/net/bytebuddy/byte-buddy-agent/1.17.8/byte-buddy-agent-1.17.8.jar)
WARNING: If a serviceability tool is in use, please run with -XX:+EnableDynamicAgentLoading to hide this warning
WARNING: If a serviceability tool is not in use, please run with -Djdk.instrument.traceUsage for more information
WARNING: Dynamic loading of agents will be disallowed by default in a future release
]]></system-err>
  </testcase>
</testsuite>