-------------------------------------------------------------------------------
Test set: com.lifemiles.passkey.config.KeycloakFixtureRealmIT
-------------------------------------------------------------------------------
Tests run: 2, Failures: 0, Errors: 2, Skipped: 0, Time elapsed: 127.7 s <<< FAILURE! -- in com.lifemiles.passkey.config.KeycloakFixtureRealmIT
com.lifemiles.passkey.config.KeycloakFixtureRealmIT.fixtureRealmIsImportedAndReachable -- Time elapsed: 4.793 s <<< ERROR!
jakarta.ws.rs.NotFoundException: HTTP 404 Not Found
	at org.jboss.resteasy.client.jaxrs.internal.ClientInvocation.handleErrorStatus(ClientInvocation.java:242)
	at org.jboss.resteasy.client.jaxrs.internal.ClientInvocation.extractResult(ClientInvocation.java:216)
	at org.jboss.resteasy.client.jaxrs.internal.proxy.extractors.BodyEntityExtractor.extractEntity(BodyEntityExtractor.java:59)
	at org.jboss.resteasy.client.jaxrs.internal.proxy.ClientInvoker.invokeSync(ClientInvoker.java:146)
	at org.jboss.resteasy.client.jaxrs.internal.proxy.ClientInvoker.invoke(ClientInvoker.java:104)
	at org.jboss.resteasy.client.jaxrs.internal.proxy.ClientProxy.invoke(ClientProxy.java:102)
	at jdk.proxy2/jdk.proxy2.$Proxy57.toRepresentation(Unknown Source)
	at com.lifemiles.passkey.config.KeycloakFixtureRealmIT.fixtureRealmIsImportedAndReachable(KeycloakFixtureRealmIT.java:64)

com.lifemiles.passkey.config.KeycloakFixtureRealmIT.webAuthnPasswordlessAuthenticatorIsActiveAsAlternativeInBrowserFlow -- Time elapsed: 0.073 s <<< ERROR!
jakarta.ws.rs.NotFoundException: HTTP 404 Not Found
	at org.jboss.resteasy.client.jaxrs.internal.ClientInvocation.handleErrorStatus(ClientInvocation.java:242)
	at org.jboss.resteasy.client.jaxrs.internal.ClientInvocation.extractResult(ClientInvocation.java:216)
	at org.jboss.resteasy.client.jaxrs.internal.proxy.extractors.BodyEntityExtractor.extractEntity(BodyEntityExtractor.java:59)
	at org.jboss.resteasy.client.jaxrs.internal.proxy.ClientInvoker.invokeSync(ClientInvoker.java:146)
	at org.jboss.resteasy.client.jaxrs.internal.proxy.ClientInvoker.invoke(ClientInvoker.java:104)
	at org.jboss.resteasy.client.jaxrs.internal.proxy.ClientProxy.invoke(ClientProxy.java:102)
	at jdk.proxy2/jdk.proxy2.$Proxy60.getExecutions(Unknown Source)
	at com.lifemiles.passkey.config.KeycloakFixtureRealmIT.webAuthnPasswordlessAuthenticatorIsActiveAsAlternativeInBrowserFlow(KeycloakFixtureRealmIT.java:73)

