<?xml version="1.0" encoding="UTF-8"?>
<testsuite xmlns:xsi="http://www.w3.org/2001/XMLSchema-instance" xsi:noNamespaceSchemaLocation="https://maven.apache.org/surefire/maven-failsafe-plugin/xsd/failsafe-test-report.xsd" version="3.0.2" name="com.lifemiles.passkey.config.KeycloakFixtureRealmIT" time="127.702" tests="2" errors="2" skipped="0" failures="0" flakes="0">
  <properties>
[...]
</properties>
  <testcase name="fixtureRealmIsImportedAndReachable" classname="com.lifemiles.passkey.config.KeycloakFixtureRealmIT" time="4.793">
    <error message="HTTP 404 Not Found" type="jakarta.ws.rs.NotFoundException"><![CDATA[jakarta.ws.rs.NotFoundException: HTTP 404 Not Found
	at org.jboss.resteasy.client.jaxrs.internal.ClientInvocation.handleErrorStatus(ClientInvocation.java:242)
	at org.jboss.resteasy.client.jaxrs.internal.ClientInvocation.extractResult(ClientInvocation.java:216)
	at org.jboss.resteasy.client.jaxrs.internal.proxy.extractors.BodyEntityExtractor.extractEntity(BodyEntityExtractor.java:59)
	at org.jboss.resteasy.client.jaxrs.internal.proxy.ClientInvoker.invokeSync(ClientInvoker.java:146)
	at org.jboss.resteasy.client.jaxrs.internal.proxy.ClientInvoker.invoke(ClientInvoker.java:104)
	at org.jboss.resteasy.client.jaxrs.internal.proxy.ClientProxy.invoke(ClientProxy.java:102)
	at jdk.proxy2/jdk.proxy2.$Proxy57.toRepresentation(Unknown Source)
	at com.lifemiles.passkey.config.KeycloakFixtureRealmIT.fixtureRealmIsImportedAndReachable(KeycloakFixtureRealmIT.java:64)
]]></error>
    <system-out><![CDATA[16:21:16.749 [main] INFO org.testcontainers.images.PullPolicy -- Image pull policy will be performed by: DefaultPullPolicy()
16:21:16.818 [main] INFO org.testcontainers.utility.ImageNameSubstitutor -- Image name substitution will be performed by: DefaultImageNameSubstitutor (composite of 'ConfigurationFileImageNameSubstitutor' and 'PrefixingImageNameSubstitutor')
16:21:17.066 [main] INFO org.testcontainers.DockerClientFactory -- Testcontainers version: 2.0.5
16:21:25.508 [main] INFO org.testcontainers.dockerclient.DockerClientProviderStrategy -- Found Docker environment with local Unix socket (unix:///var/run/docker.sock)
16:21:25.540 [main] INFO org.testcontainers.DockerClientFactory -- Docker host IP address is localhost
16:21:25.691 [main] INFO org.testcontainers.DockerClientFactory -- Connected to docker: 
  Server Version: 29.4.3
  API Version: 1.54
  Operating System: Ubuntu 24.04.1 LTS
  Total Memory: 15706 MB
16:21:26.226 [main] INFO tc.testcontainers/ryuk:0.14.0 -- Pulling docker image: testcontainers/ryuk:0.14.0. Please be patient; this may take some time but only needs to be done once.
16:21:26.309 [main] INFO org.testcontainers.utility.RegistryAuthLocator -- Failure when attempting to lookup auth config. Please ignore if you don't have images in an authenticated registry. Details: (dockerImageName: testcontainers/ryuk:latest, configFile: /home/fjmolina/.docker/config.json, configEnv: DOCKER_AUTH_CONFIG). Falling back to docker-java default behaviour. Exception message: Status 404: No config supplied. Checked in order: /home/fjmolina/.docker/config.json (file not found), DOCKER_AUTH_CONFIG (not set)
16:21:28.715 [docker-java-stream-347378208] INFO tc.testcontainers/ryuk:0.14.0 -- Starting to pull image
16:21:29.218 [docker-java-stream-347378208] INFO tc.testcontainers/ryuk:0.14.0 -- Pulling image layers:  0 pending,  0 downloaded,  0 extracted, (0 bytes/0 bytes)
16:21:30.841 [docker-java-stream-347378208] INFO tc.testcontainers/ryuk:0.14.0 -- Pulling image layers:  1 pending,  1 downloaded,  0 extracted, (0 bytes/? MB)
16:21:30.842 [docker-java-stream-347378208] INFO tc.testcontainers/ryuk:0.14.0 -- Pulling image layers:  0 pending,  2 downloaded,  0 extracted, (0 bytes/0 bytes)
16:21:30.938 [docker-java-stream-347378208] INFO tc.testcontainers/ryuk:0.14.0 -- Pulling image layers:  0 pending,  2 downloaded,  1 extracted, (0 bytes/0 bytes)
16:21:30.940 [docker-java-stream-347378208] INFO tc.testcontainers/ryuk:0.14.0 -- Pulling image layers:  0 pending,  2 downloaded,  2 extracted, (0 bytes/0 bytes)
16:21:30.992 [docker-java-stream-347378208] INFO tc.testcontainers/ryuk:0.14.0 -- Pull complete. 2 layers, pulled in 2s (downloaded 0 bytes at 0 bytes/s)
16:21:30.992 [main] INFO tc.testcontainers/ryuk:0.14.0 -- Image testcontainers/ryuk:0.14.0 pull took PT4.7654313S
16:21:31.431 [main] INFO tc.testcontainers/ryuk:0.14.0 -- Creating container for image: testcontainers/ryuk:0.14.0
16:21:32.690 [main] INFO tc.testcontainers/ryuk:0.14.0 -- Container testcontainers/ryuk:0.14.0 is starting: 39fc2f62200d9a9df3db0a65d50bafb279e6253a7d9f3d86f69a185d989d93b4
16:21:37.265 [main] INFO tc.testcontainers/ryuk:0.14.0 -- Container testcontainers/ryuk:0.14.0 started in PT5.834357763S
16:21:37.319 [main] INFO org.testcontainers.utility.RyukResourceReaper -- Ryuk started - will monitor and terminate Testcontainers containers on JVM exit
16:21:37.320 [main] INFO org.testcontainers.DockerClientFactory -- Checking the system...
16:21:37.335 [main] INFO org.testcontainers.DockerClientFactory -- ✔︎ Docker server version should be at least 1.6.0
16:21:37.420 [main] INFO tc.quay.io/keycloak/keycloak:26.1 -- Pulling docker image: quay.io/keycloak/keycloak:26.1. Please be patient; this may take some time but only needs to be done once.
16:21:37.421 [main] INFO org.testcontainers.utility.RegistryAuthLocator -- Failure when attempting to lookup auth config. Please ignore if you don't have images in an authenticated registry. Details: (dockerImageName: quay.io/keycloak/keycloak:latest, configFile: /home/fjmolina/.docker/config.json, configEnv: DOCKER_AUTH_CONFIG). Falling back to docker-java default behaviour. Exception message: Status 404: No config supplied. Checked in order: /home/fjmolina/.docker/config.json (file not found), DOCKER_AUTH_CONFIG (not set)
16:21:38.937 [docker-java-stream--386116930] INFO tc.quay.io/keycloak/keycloak:26.1 -- Starting to pull image
16:21:38.939 [docker-java-stream--386116930] INFO tc.quay.io/keycloak/keycloak:26.1 -- Pulling image layers:  0 pending,  0 downloaded,  0 extracted, (0 bytes/0 bytes)
16:21:40.698 [docker-java-stream--386116930] INFO tc.quay.io/keycloak/keycloak:26.1 -- Pulling image layers:  5 pending,  1 downloaded,  0 extracted, (0 bytes/? MB)
16:21:40.999 [docker-java-stream--386116930] INFO tc.quay.io/keycloak/keycloak:26.1 -- Pulling image layers:  4 pending,  2 downloaded,  0 extracted, (550 bytes/? MB)
16:21:41.201 [docker-java-stream--386116930] INFO tc.quay.io/keycloak/keycloak:26.1 -- Pulling image layers:  3 pending,  3 downloaded,  0 extracted, (550 bytes/? MB)
16:21:43.609 [docker-java-stream--386116930] INFO tc.quay.io/keycloak/keycloak:26.1 -- Pulling image layers:  2 pending,  4 downloaded,  0 extracted, (46 MB/? MB)
16:21:44.402 [docker-java-stream--386116930] INFO tc.quay.io/keycloak/keycloak:26.1 -- Pulling image layers:  2 pending,  4 downloaded,  1 extracted, (76 MB/? MB)
16:21:44.405 [docker-java-stream--386116930] INFO tc.quay.io/keycloak/keycloak:26.1 -- Pulling image layers:  2 pending,  4 downloaded,  2 extracted, (76 MB/? MB)
16:21:49.697 [docker-java-stream--386116930] INFO tc.quay.io/keycloak/keycloak:26.1 -- Pulling image layers:  1 pending,  5 downloaded,  2 extracted, (223 MB/? MB)
16:21:50.399 [docker-java-stream--386116930] INFO tc.quay.io/keycloak/keycloak:26.1 -- Pulling image layers:  0 pending,  6 downloaded,  2 extracted, (231 MB/231 MB)
16:21:55.103 [docker-java-stream--386116930] INFO tc.quay.io/keycloak/keycloak:26.1 -- Pulling image layers:  0 pending,  6 downloaded,  3 extracted, (231 MB/231 MB)
16:21:57.999 [docker-java-stream--386116930] INFO tc.quay.io/keycloak/keycloak:26.1 -- Pulling image layers:  0 pending,  6 downloaded,  4 extracted, (231 MB/231 MB)
16:21:58.001 [docker-java-stream--386116930] INFO tc.quay.io/keycloak/keycloak:26.1 -- Pulling image layers:  0 pending,  6 downloaded,  5 extracted, (231 MB/231 MB)
16:21:58.067 [main] INFO tc.quay.io/keycloak/keycloak:26.1 -- Image quay.io/keycloak/keycloak:26.1 pull took PT20.646835126S
16:21:58.067 [docker-java-stream--386116930] INFO tc.quay.io/keycloak/keycloak:26.1 -- Pull complete. 6 layers, pulled in 19s (downloaded 231 MB at 12 MB/s)
16:21:58.330 [main] INFO tc.quay.io/keycloak/keycloak:26.1 -- Creating container for image: quay.io/keycloak/keycloak:26.1
16:21:59.963 [main] INFO tc.quay.io/keycloak/keycloak:26.1 -- Container quay.io/keycloak/keycloak:26.1 is starting: cb78ff103eccbb9eba1a16354dc9bec896bdf6eec6f4ddf3135865933d0a380d
16:22:00.626 [docker-java-stream--1561721985] INFO tc.quay.io/keycloak/keycloak:26.1 -- STDOUT: JAVA_OPTS_KC_HEAP already set in environment; overriding default settings
16:22:00.770 [main] INFO org.testcontainers.containers.wait.strategy.HttpWaitStrategy -- /priceless_wing: Waiting for 120 seconds for URL: http://localhost:32771/health/started (where port 32771 maps to container port 9000)
16:22:03.560 [docker-java-stream--1561721985] INFO tc.quay.io/keycloak/keycloak:26.1 -- STDOUT: Updating the configuration and installing your custom providers, if any. Please wait.
16:22:18.004 [docker-java-stream--1561721985] INFO tc.quay.io/keycloak/keycloak:26.1 -- STDOUT: 2026-08-25 22:22:11,488 WARN  [io.qua.config] (build-23) Unrecognized configuration key "quarkus.micrometer.enabled" was provided; it will be ignored; verify that the dependency extension for this configuration is set or that you did not make a typo
16:22:18.122 [docker-java-stream--1561721985] INFO tc.quay.io/keycloak/keycloak:26.1 -- STDOUT: 2026-08-25 22:22:18,120 INFO  [io.qua.hib.orm.dep.HibernateOrmProcessor] (build-38) Persistence unit 'keycloak-default': Enforcing Quarkus defaults for dialect 'org.hibernate.dialect.H2Dialect' by automatically setting 'jakarta.persistence.database-product-version=2.3.230'.
16:22:18.138 [docker-java-stream--1561721985] INFO tc.quay.io/keycloak/keycloak:26.1 -- STDOUT: 2026-08-25 22:22:18,136 INFO  [io.qua.hib.orm.dep.HibernateOrmProcessor] (build-38) A legacy persistence.xml file is present in the classpath. This file will be used to configure JPA/Hibernate ORM persistence units, and any configuration of the Hibernate ORM extension will be ignored. To ignore persistence.xml files instead, set the configuration property 'quarkus.hibernate-orm.persistence-xml.ignore' to 'true'.
16:22:35.056 [docker-java-stream--1561721985] INFO tc.quay.io/keycloak/keycloak:26.1 -- STDOUT: 2026-08-25 22:22:35,051 INFO  [io.qua.dep.QuarkusAugmentor] (main) Quarkus augmentation completed in 29349ms
16:22:39.176 [docker-java-stream--1561721985] INFO tc.quay.io/keycloak/keycloak:26.1 -- STDOUT: Running the server in development mode. DO NOT use this configuration in production.
16:22:46.605 [docker-java-stream--1561721985] INFO tc.quay.io/keycloak/keycloak:26.1 -- STDOUT: 2026-08-25 22:22:46,602 INFO  [org.keycloak.quarkus.runtime.storage.infinispan.CacheManagerFactory] (ForkJoinPool.commonPool-worker-1) Starting Infinispan embedded cache manager
16:22:47.144 [docker-java-stream--1561721985] INFO tc.quay.io/keycloak/keycloak:26.1 -- STDOUT: 2026-08-25 22:22:47,142 INFO  [org.infinispan.CONTAINER] (ForkJoinPool.commonPool-worker-1) Virtual threads support enabled
16:22:47.727 [docker-java-stream--1561721985] INFO tc.quay.io/keycloak/keycloak:26.1 -- STDOUT: 2026-08-25 22:22:47,725 INFO  [org.infinispan.CONTAINER] (ForkJoinPool.commonPool-worker-1) ISPN000556: Starting user marshaller 'org.infinispan.commons.marshall.ImmutableProtoStreamMarshaller'
16:22:52.283 [docker-java-stream--1561721985] INFO tc.quay.io/keycloak/keycloak:26.1 -- STDOUT: 2026-08-25 22:22:52,279 INFO  [org.keycloak.quarkus.runtime.storage.database.liquibase.QuarkusJpaUpdaterProvider] (main) Initializing database schema. Using changelog META-INF/jpa-changelog-master.xml
16:23:00.876 [docker-java-stream--1561721985] INFO tc.quay.io/keycloak/keycloak:26.1 -- STDOUT: 2026-08-25 22:23:00,874 INFO  [org.keycloak.connections.infinispan.DefaultInfinispanConnectionProviderFactory] (main) Node name: node_261512, Site name: null
16:23:01.530 [docker-java-stream--1561721985] INFO tc.quay.io/keycloak/keycloak:26.1 -- STDOUT: 2026-08-25 22:23:01,529 INFO  [org.keycloak.broker.provider.AbstractIdentityProviderMapper] (main) Registering class org.keycloak.broker.provider.mappersync.ConfigSyncEventListener
16:23:01.676 [docker-java-stream--1561721985] INFO tc.quay.io/keycloak/keycloak:26.1 -- STDOUT: 2026-08-25 22:23:01,672 INFO  [org.keycloak.services] (main) KC-SERVICES0050: Initializing master realm
16:23:07.463 [docker-java-stream--1561721985] INFO tc.quay.io/keycloak/keycloak:26.1 -- STDOUT: 2026-08-25 22:23:07,460 INFO  [org.keycloak.services] (main) KC-SERVICES0077: Created temporary admin user with username admin
16:23:07.976 [docker-java-stream--1561721985] INFO tc.quay.io/keycloak/keycloak:26.1 -- STDOUT: 2026-08-25 22:23:07,971 INFO  [io.quarkus] (main) Keycloak 26.1.5 on JVM (powered by Quarkus 3.15.4) started in 31.863s. Listening on: http://0.0.0.0:8080. Management interface listening on http://0.0.0.0:9000.
16:23:07.977 [docker-java-stream--1561721985] INFO tc.quay.io/keycloak/keycloak:26.1 -- STDOUT: 2026-08-25 22:23:07,974 INFO  [io.quarkus] (main) Profile dev activated. 
16:23:07.978 [docker-java-stream--1561721985] INFO tc.quay.io/keycloak/keycloak:26.1 -- STDOUT: 2026-08-25 22:23:07,975 INFO  [io.quarkus] (main) Installed features: [agroal, cdi, hibernate-orm, jdbc-h2, keycloak, narayana-jta, opentelemetry, reactive-routes, rest, rest-jackson, smallrye-context-propagation, smallrye-health, vertx]
16:23:09.102 [main] INFO tc.quay.io/keycloak/keycloak:26.1 -- Container quay.io/keycloak/keycloak:26.1 started in PT1M10.771986263S
]]></system-out>
    <system-err><![CDATA[Exception in thread "Thread-2" java.lang.NoClassDefFoundError: org/apache/commons/io/file/attribute/FileTimes
	at org.apache.commons.compress.archivers.tar.TarArchiveOutputStream.transferModTime(TarArchiveOutputStream.java:616)
	at org.apache.commons.compress.archivers.tar.TarArchiveOutputStream.writePaxHeaders(TarArchiveOutputStream.java:663)
	at org.apache.commons.compress.archivers.tar.TarArchiveOutputStream.putArchiveEntry(TarArchiveOutputStream.java:541)
	at org.testcontainers.utility.MountableFile.recursiveTar(MountableFile.java:359)
	at org.testcontainers.utility.MountableFile.transferTo(MountableFile.java:327)
	at org.testcontainers.containers.ContainerState.lambda$copyFileToContainer$2(ContainerState.java:358)
	at java.base/java.lang.Thread.run(Thread.java:1474)
Caused by: java.lang.ClassNotFoundException: org.apache.commons.io.file.attribute.FileTimes
	at java.base/jdk.internal.loader.BuiltinClassLoader.loadClass(BuiltinClassLoader.java:580)
	at java.base/java.lang.ClassLoader.loadClass(ClassLoader.java:490)
	... 7 more
]]></system-err>
  </testcase>
  <testcase name="webAuthnPasswordlessAuthenticatorIsActiveAsAlternativeInBrowserFlow" classname="com.lifemiles.passkey.config.KeycloakFixtureRealmIT" time="0.073">
    <error message="HTTP 404 Not Found" type="jakarta.ws.rs.NotFoundException"><![CDATA[jakarta.ws.rs.NotFoundException: HTTP 404 Not Found
	at org.jboss.resteasy.client.jaxrs.internal.ClientInvocation.handleErrorStatus(ClientInvocation.java:242)
	at org.jboss.resteasy.client.jaxrs.internal.ClientInvocation.extractResult(ClientInvocation.java:216)
	at org.jboss.resteasy.client.jaxrs.internal.proxy.extractors.BodyEntityExtractor.extractEntity(BodyEntityExtractor.java:59)
	at org.jboss.resteasy.client.jaxrs.internal.proxy.ClientInvoker.invokeSync(ClientInvoker.java:146)
	at org.jboss.resteasy.client.jaxrs.internal.proxy.ClientInvoker.invoke(ClientInvoker.java:104)
	at org.jboss.resteasy.client.jaxrs.internal.proxy.ClientProxy.invoke(ClientProxy.java:102)
	at jdk.proxy2/jdk.proxy2.$Proxy60.getExecutions(Unknown Source)
	at com.lifemiles.passkey.config.KeycloakFixtureRealmIT.webAuthnPasswordlessAuthenticatorIsActiveAsAlternativeInBrowserFlow(KeycloakFixtureRealmIT.java:73)
]]></error>
  </testcase>
</testsuite>